<?xml version="1.0" encoding="UTF-8"?>
<testsuite errors="0" failures="1" file="classes_utils_tests.py" name="classes_utils_tests.Test-20190510180901" skipped="0" tests="1" time="0.010" timestamp="2019-05-10T18:09:01">
	<testcase classname="classes_utils_tests.Test" file="unittests\classes_utils_tests.py" line="13" name="test_md5" time="0.010" timestamp="2019-05-10T18:09:01">
		<failure message="'827ccb0eea8a706c4c34a16891f84e7b' != 'sdf'
- 827ccb0eea8a706c4c34a16891f84e7b
+ sdf
" type="AssertionError">
<![CDATA[Traceback (most recent call last):
  File "c:\users\mathe\documents\shared\github\eswqa\unittests\classes_utils_tests.py", line 15, in test_md5
    self.assertEqual(md5, "sdf")
AssertionError: '827ccb0eea8a706c4c34a16891f84e7b' != 'sdf'
- 827ccb0eea8a706c4c34a16891f84e7b
+ sdf

]]>		</failure>
		<system-out>
<![CDATA[]]>		</system-out>
		<system-err>
<![CDATA[]]>		</system-err>
	</testcase>
</testsuite>
